2021-06-07 02:42:16,492 | [1;44mINFO[1;0m | {u'h2': 0, u's2': 3, u's1': 4, u'h1': 1, u's5': 5, u's4': 6, u's3': 2}
2021-06-07 02:42:16,492 | [1;44mINFO[1;0m | table add send set_nh 3 => 1 4e:25:05:97:d8:9c 5e:4d:aa:de:06:02
2021-06-07 02:42:16,493 | [1;44mINFO[1;0m | table add send set_nh 6 => 3 ae:d8:56:7e:4d:b0 3e:37:4a:4e:5e:88
2021-06-07 02:42:16,493 | [1;44mINFO[1;0m | table add send set_nh 2 => 2 b2:1d:26:29:52:de 5a:7c:1c:55:83:54
2021-06-07 02:42:16,494 | [1;44mINFO[1;0m | table add send set_nh 0 => 4 00:01:0a:00:05:02 00:00:0a:00:05:02
2021-06-07 02:42:16,494 | [1;44mINFO[1;0m | do_register_write switch_ip 0 3368601605
2021-06-07 02:42:16,494 | [1;44mINFO[1;0m | do_register_write threshold_registers 0 15
2021-06-07 02:42:16,495 | [1;44mINFO[1;0m | do_register_write threshold_registers 1 15
2021-06-07 02:42:16,495 | [1;44mINFO[1;0m | do_register_write threshold_registers 2 15
2021-06-07 02:42:16,495 | [1;44mINFO[1;0m | do_register_write threshold_registers 3 15
2021-06-07 02:42:16,495 | [1;44mINFO[1;0m | meta_fwtable set_meta 10.0.5.2/24 0 => 0 0 0
2021-06-07 02:42:16,496 | [1;44mINFO[1;0m | do_register_write next_hops_port 0 0
2021-06-07 02:42:16,496 | [1;44mINFO[1;0m | meta_fwtable set_meta 10.0.5.2/24 1 => 1 0 0
2021-06-07 02:42:16,497 | [1;44mINFO[1;0m | do_register_write next_hops_port 3 0
2021-06-07 02:42:16,497 | [1;44mINFO[1;0m | meta_fwtable set_meta 10.0.1.1/24 0 => 2 0 6
2021-06-07 02:42:16,498 | [1;44mINFO[1;0m | do_register_write next_hops_port 6 6
2021-06-07 02:42:16,498 | [1;44mINFO[1;0m | meta_fwtable set_meta 10.0.1.1/24 1 => 3 0 6
2021-06-07 02:42:16,499 | [1;44mINFO[1;0m | do_register_write next_hops_port 9 6
2021-06-07 02:42:16,499 | [1;44mINFO[1;0m | bgp_tag set_bgp_tag 1 5e:4d:aa:de:06:02 => 0
2021-06-07 02:42:16,500 | [1;44mINFO[1;0m | bgp_tag set_bgp_tag 3 3e:37:4a:4e:5e:88 => 0
2021-06-07 02:42:16,501 | [1;44mINFO[1;0m | bgp_tag set_bgp_tag 2 5a:7c:1c:55:83:54 => 0
